 verbose cli /usr/local/bin/node /Users/maksim.khramtsov/.cache/node/corepack/npm/10.8.0/bin/npm-cli.js
1 info using npm@10.8.0
2 info using node@v20.10.0
3 silly config load:file:/Users/maksim.khramtsov/.cache/node/corepack/npm/10.8.0/npmrc
4 silly config load:file:/Users/maksim.khramtsov/effect-website/snapshots/tutorials/.npmrc
5 silly config load:file:/Users/maksim.khramtsov/.npmrc
6 silly config load:file:/usr/local/etc/npmrc
7 verbose title npm install
8 verbose argv "install"
9 verbose logfile logs-max:10 dir:/Users/maksim.khramtsov/effect-website/snapshots/tutorials/.npm-cache/_logs/2024-07-10T18_52_58_622Z-
10 verbose logfile /Users/maksim.khramtsov/effect-website/snapshots/tutorials/.npm-cache/_logs/2024-07-10T18_52_58_622Z-debug-0.log
11 silly packumentCache heap:4345298944 maxSize:1086324736 maxEntrySize:543162368
12 silly logfile done cleaning log files
13 silly idealTree buildDeps
14 silly fetch manifest @effect/platform@0.58.18
15 silly packumentCache full:https://registry.npmjs.org/@effect%2fplatform cache-miss
16 http fetch GET 200 https://registry.npmjs.org/npm 802ms
17 http fetch GET 200 https://registry.npmjs.org/@effect%2fplatform 3490ms (cache miss)
18 silly packumentCache full:https://registry.npmjs.org/@effect%2fplatform set size:undefined disposed:false
19 silly fetch manifest @effect/schema@0.68.15
20 silly packumentCache full:https://registry.npmjs.org/@effect%2fschema cache-miss
21 http fetch GET 200 https://registry.npmjs.org/@effect%2fschema 4694ms (cache miss)
22 silly packumentCache full:https://registry.npmjs.org/@effect%2fschema set size:undefined disposed:false
23 silly fetch manifest effect@3.4.6
24 silly packumentCache full:https://registry.npmjs.org/effect cache-miss
25 http fetch GET 200 https://registry.npmjs.org/effect 814ms (cache miss)
26 silly packumentCache full:https://registry.npmjs.org/effect set size:undefined disposed:false
27 silly fetch manifest @effect/platform-node@0.53.17
28 silly packumentCache full:https://registry.npmjs.org/@effect%2fplatform-node cache-miss
29 http fetch GET 200 https://registry.npmjs.org/@effect%2fplatform-node 3068ms (cache miss)
30 silly packumentCache full:https://registry.npmjs.org/@effect%2fplatform-node set size:undefined disposed:false
31 silly placeDep ROOT @effect/platform@0.58.18 OK for:  want: 0.58.18
32 silly placeDep ROOT effect@3.4.6 OK for: @effect/platform@0.58.18 want: ^3.4.6
33 silly placeDep ROOT @effect/schema@0.68.15 OK for: @effect/platform@0.58.18 want: ^0.68.15
34 silly placeDep ROOT @effect/platform-node@0.53.17 OK for:  want: 0.53.17
35 silly fetch manifest multipasta@^0.2.2
36 silly packumentCache full:https://registry.npmjs.org/multipasta cache-miss
37 silly fetch manifest find-my-way-ts@^0.1.4
38 silly packumentCache full:https://registry.npmjs.org/find-my-way-ts cache-miss
39 silly fetch manifest path-browserify@^1.0.1
40 silly packumentCache full:https://registry.npmjs.org/path-browserify cache-miss
41 silly fetch manifest fast-check@^3.19.0
42 silly packumentCache full:https://registry.npmjs.org/fast-check cache-miss
43 silly fetch manifest ws@^8.17.1
44 silly packumentCache full:https://registry.npmjs.org/ws cache-miss
45 silly fetch manifest mime@^3.0.0
46 silly packumentCache full:https://registry.npmjs.org/mime cache-miss
47 silly fetch manifest undici@^6.19.2
48 silly packumentCache full:https://registry.npmjs.org/undici cache-miss
49 silly fetch manifest @effect/platform-node-shared@^0.8.17
50 silly packumentCache full:https://registry.npmjs.org/@effect%2fplatform-node-shared cache-miss
51 http fetch GET 200 https://registry.npmjs.org/path-browserify 317ms (cache miss)
52 silly packumentCache full:https://registry.npmjs.org/path-browserify set size:undefined disposed:false
53 http fetch GET 200 https://registry.npmjs.org/ws 451ms (cache miss)
54 silly packumentCache full:https://registry.npmjs.org/ws set size:undefined disposed:false
55 http fetch GET 200 https://registry.npmjs.org/mime 461ms (cache miss)
56 silly packumentCache full:https://registry.npmjs.org/mime set size:undefined disposed:false
57 http fetch GET 200 https://registry.npmjs.org/undici 593ms (cache miss)
58 silly packumentCache full:https://registry.npmjs.org/undici set size:undefined disposed:false
59 http fetch GET 200 https://registry.npmjs.org/multipasta 759ms (cache miss)
60 silly packumentCache full:https://registry.npmjs.org/multipasta set size:undefined disposed:false
61 http fetch GET 200 https://registry.npmjs.org/find-my-way-ts 888ms (cache miss)
62 silly packumentCache full:https://registry.npmjs.org/find-my-way-ts set size:undefined disposed:false
63 http fetch GET 200 https://registry.npmjs.org/fast-check 1081ms (cache miss)
64 silly packumentCache full:https://registry.npmjs.org/fast-check set size:undefined disposed:false
65 http fetch GET 200 https://registry.npmjs.org/@effect%2fplatform-node-shared 1591ms (cache miss)
66 silly packumentCache full:https://registry.npmjs.org/@effect%2fplatform-node-shared set size:undefined disposed:false
67 silly placeDep ROOT find-my-way-ts@0.1.4 OK for: @effect/platform@0.58.18 want: ^0.1.4
68 silly placeDep ROOT multipasta@0.2.2 OK for: @effect/platform@0.58.18 want: ^0.2.2
69 silly placeDep ROOT path-browserify@1.0.1 OK for: @effect/platform@0.58.18 want: ^1.0.1
70 silly fetch manifest fast-querystring@^1.0.0
71 silly packumentCache full:https://registry.npmjs.org/fast-querystring cache-miss
72 http fetch GET 200 https://registry.npmjs.org/fast-querystring 707ms (cache miss)
73 silly packumentCache full:https://registry.npmjs.org/fast-querystring set size:undefined disposed:false
74 silly fetch manifest bufferutil@^4.0.1
75 silly packumentCache full:https://registry.npmjs.org/bufferutil cache-miss
76 http fetch GET 200 https://registry.npmjs.org/bufferutil 138ms (cache miss)
77 silly packumentCache full:https://registry.npmjs.org/bufferutil set size:undefined disposed:false
78 silly fetch manifest utf-8-validate@>=5.0.2
79 silly packumentCache full:https://registry.npmjs.org/utf-8-validate cache-miss
80 http fetch GET 200 https://registry.npmjs.org/utf-8-validate 90ms (cache miss)
81 silly packumentCache full:https://registry.npmjs.org/utf-8-validate set size:undefined disposed:false
82 silly fetch manifest @effect/platform@^0.58.18
83 silly packumentCache full:https://registry.npmjs.org/@effect%2fplatform cache-miss
84 http fetch GET 200 https://registry.npmjs.org/@effect%2fplatform 14ms (cache hit)
85 silly packumentCache full:https://registry.npmjs.org/@effect%2fplatform set size:4006321 disposed:false
86 silly fetch manifest @effect/schema@^0.68.18
87 silly packumentCache full:https://registry.npmjs.org/@effect%2fschema cache-miss
88 http fetch GET 200 https://registry.npmjs.org/@effect%2fschema 17ms (cache hit)
89 silly packumentCache full:https://registry.npmjs.org/@effect%2fschema set size:7761286 disposed:false
90 silly fetch manifest effect@^3.4.6
91 silly packumentCache full:https://registry.npmjs.org/effect cache-miss
92 http fetch GET 200 https://registry.npmjs.org/effect 13ms (cache hit)
93 silly packumentCache full:https://registry.npmjs.org/effect set size:4255420 disposed:false
94 silly placeDep node_modules/@effect/platform-node @effect/platform-node-shared@0.8.20 CONFLICT for: @effect/platform-node@0.53.17 want: ^0.8.17
95 warn ERESOLVE overriding peer dependency {
95 warn ERESOLVE   code: 'ERESOLVE',
95 warn ERESOLVE   edge: {
95 warn ERESOLVE     type: 'peer',
95 warn ERESOLVE     name: '@effect/platform',
95 warn ERESOLVE     spec: '^0.58.21',
95 warn ERESOLVE     error: 'INVALID',
95 warn ERESOLVE     from: {
95 warn ERESOLVE       name: '@effect/platform-node-shared',
95 warn ERESOLVE       version: '0.8.20',
95 warn ERESOLVE       location: 'node_modules/@effect/platform-node/node_modules/@effect/platform-node-shared',
95 warn ERESOLVE       isWorkspace: false,
95 warn ERESOLVE       dependents: [Array]
95 warn ERESOLVE     }
95 warn ERESOLVE   },
95 warn ERESOLVE   dep: {
95 warn ERESOLVE     name: '@effect/platform',
95 warn ERESOLVE     version: '0.58.21',
95 warn ERESOLVE     whileInstalling: {
95 warn ERESOLVE       name: '@effect/platform-node',
95 warn ERESOLVE       version: '0.53.17',
95 warn ERESOLVE       path: '/Users/maksim.khramtsov/effect-website/snapshots/tutorials/node_modules/@effect/platform-node'
95 warn ERESOLVE     },
95 warn ERESOLVE     location: 'node_modules/@effect/platform',
95 warn ERESOLVE     isWorkspace: false,
95 warn ERESOLVE     dependents: [ [Object] ]
95 warn ERESOLVE   },
95 warn ERESOLVE   force: false,
95 warn ERESOLVE   isMine: false,
95 warn ERESOLVE   strictPeerDeps: false,
95 warn ERESOLVE   current: {
95 warn ERESOLVE     name: '@effect/platform',
95 warn ERESOLVE     version: '0.58.18',
95 warn ERESOLVE     location: 'node_modules/@effect/platform',
95 warn ERESOLVE     isWorkspace: false,
95 warn ERESOLVE     dependents: [ [Object] ]
95 warn ERESOLVE   },
95 warn ERESOLVE   peerConflict: {
95 warn ERESOLVE     name: '@effect/platform',
95 warn ERESOLVE     version: '0.58.18',
95 warn ERESOLVE     location: 'node_modules/@effect/platform',
95 warn ERESOLVE     isWorkspace: false,
95 warn ERESOLVE     dependents: [ [Object] ]
95 warn ERESOLVE   }
95 warn ERESOLVE }
96 warn ERESOLVE overriding peer dependency {
96 warn ERESOLVE   code: 'ERESOLVE',
96 warn ERESOLVE   edge: {
96 warn ERESOLVE     type: 'peer',
96 warn ERESOLVE     name: 'effect',
96 warn ERESOLVE     spec: '^3.4.8',
96 warn ERESOLVE     error: 'INVALID',
96 warn ERESOLVE     from: {
96 warn ERESOLVE       name: '@effect/platform-node-shared',
96 warn ERESOLVE       version: '0.8.20',
96 warn ERESOLVE       location: 'node_modules/@effect/platform-node/node_modules/@effect/platform-node-shared',
96 warn ERESOLVE       isWorkspace: false,
96 warn ERESOLVE       dependents: [Array]
96 warn ERESOLVE     }
96 warn ERESOLVE   },
96 warn ERESOLVE   dep: {
96 warn ERESOLVE     name: 'effect',
96 warn ERESOLVE     version: '3.4.8',
96 warn ERESOLVE     whileInstalling: {
96 warn ERESOLVE       name: '@effect/platform-node',
96 warn ERESOLVE       version: '0.53.17',
96 warn ERESOLVE       path: '/Users/maksim.khramtsov/effect-website/snapshots/tutorials/node_modules/@effect/platform-node'
96 warn ERESOLVE     },
96 warn ERESOLVE     location: 'node_modules/effect',
96 warn ERESOLVE     isWorkspace: false,
96 warn ERESOLVE     dependents: [ [Object] ]
96 warn ERESOLVE   },
96 warn ERESOLVE   force: false,
96 warn ERESOLVE   isMine: false,
96 warn ERESOLVE   strictPeerDeps: false,
96 warn ERESOLVE   current: {
96 warn ERESOLVE     name: 'effect',
96 warn ERESOLVE     version: '3.4.6',
96 warn ERESOLVE     location: 'node_modules/effect',
96 warn ERESOLVE     isWorkspace: false,
96 warn ERESOLVE     dependents: [ [Object] ]
96 warn ERESOLVE   },
96 warn ERESOLVE   peerConflict: {
96 warn ERESOLVE     name: 'effect',
96 warn ERESOLVE     version: '3.4.6',
96 warn ERESOLVE     location: 'node_modules/effect',
96 warn ERESOLVE     isWorkspace: false,
96 warn ERESOLVE     dependents: [ [Object] ]
96 warn ERESOLVE   }
96 warn ERESOLVE }
97 silly placeDep ROOT mime@3.0.0 OK for: @effect/platform-node@0.53.17 want: ^3.0.0
98 silly placeDep ROOT undici@6.19.2 OK for: @effect/platform-node@0.53.17 want: ^6.19.2
99 silly placeDep ROOT ws@8.18.0 OK for: @effect/platform-node@0.53.17 want: ^8.17.1
100 silly fetch manifest @effect/platform@^0.58.21
101 silly packumentCache full:https://registry.npmjs.org/@effect%2fplatform cache-miss
102 silly fetch manifest effect@^3.4.8
103 silly packumentCache full:https://registry.npmjs.org/effect cache-miss
104 silly fetch manifest @parcel/watcher@^2.4.1
105 silly packumentCache full:https://registry.npmjs.org/@parcel%2fwatcher cache-miss
106 http fetch GET 200 https://registry.npmjs.org/@effect%2fplatform 14ms (cache hit)
107 silly packumentCache full:https://registry.npmjs.org/@effect%2fplatform set size:4006321 disposed:false
108 http fetch GET 200 https://registry.npmjs.org/effect 42ms (cache hit)
109 silly packumentCache full:https://registry.npmjs.org/effect set size:4255420 disposed:false
110 http fetch GET 200 https://registry.npmjs.org/@parcel%2fwatcher 1461ms (cache miss)
111 silly packumentCache full:https://registry.npmjs.org/@parcel%2fwatcher set size:undefined disposed:false
112 silly placeDep ROOT fast-check@3.19.0 OK for: @effect/schema@0.68.15 want: ^3.19.0
113 silly fetch manifest pure-rand@^6.1.0
114 silly packumentCache full:https://registry.npmjs.org/pure-rand cache-miss
115 http fetch GET 200 https://registry.npmjs.org/pure-rand 742ms (cache miss)
116 silly packumentCache full:https://registry.npmjs.org/pure-rand set size:undefined disposed:false
117 silly placeDep ROOT pure-rand@6.1.0 OK for: fast-check@3.19.0 want: ^6.1.0
118 silly placeDep ROOT fast-querystring@1.1.2 OK for: find-my-way-ts@0.1.4 want: ^1.0.0
119 silly fetch manifest fast-decode-uri-component@^1.0.1
120 silly packumentCache full:https://registry.npmjs.org/fast-decode-uri-component cache-miss
121 http fetch GET 200 https://registry.npmjs.org/fast-decode-uri-component 1341ms (cache miss)
122 silly packumentCache full:https://registry.npmjs.org/fast-decode-uri-component set size:undefined disposed:false
123 silly placeDep ROOT fast-decode-uri-component@1.0.1 OK for: fast-querystring@1.1.2 want: ^1.0.1
124 silly placeDep ROOT @parcel/watcher@2.4.1 OK for: @effect/platform-node-shared@0.8.20 want: ^2.4.1
125 silly fetch manifest is-glob@^4.0.3
126 silly packumentCache full:https://registry.npmjs.org/is-glob cache-miss
127 silly fetch manifest micromatch@^4.0.5
128 silly packumentCache full:https://registry.npmjs.org/micromatch cache-miss
129 silly fetch manifest detect-libc@^1.0.3
130 silly packumentCache full:https://registry.npmjs.org/detect-libc cache-miss
131 silly fetch manifest node-addon-api@^7.0.0
132 silly packumentCache full:https://registry.npmjs.org/node-addon-api cache-miss
133 silly fetch manifest @parcel/watcher-win32-x64@2.4.1
134 silly packumentCache full:https://registry.npmjs.org/@parcel%2fwatcher-win32-x64 cache-miss
135 silly fetch manifest @parcel/watcher-darwin-x64@2.4.1
136 silly packumentCache full:https://registry.npmjs.org/@parcel%2fwatcher-darwin-x64 cache-miss
137 silly fetch manifest @parcel/watcher-win32-ia32@2.4.1
138 silly packumentCache full:https://registry.npmjs.org/@parcel%2fwatcher-win32-ia32 cache-miss
139 silly fetch manifest @parcel/watcher-freebsd-x64@2.4.1
140 silly packumentCache full:https://registry.npmjs.org/@parcel%2fwatcher-freebsd-x64 cache-miss
141 silly fetch manifest @parcel/watcher-win32-arm64@2.4.1
142 silly packumentCache full:https://registry.npmjs.org/@parcel%2fwatcher-win32-arm64 cache-miss
143 silly fetch manifest @parcel/watcher-darwin-arm64@2.4.1
144 silly packumentCache full:https://registry.npmjs.org/@parcel%2fwatcher-darwin-arm64 cache-miss
145 silly fetch manifest @parcel/watcher-android-arm64@2.4.1
146 silly packumentCache full:https://registry.npmjs.org/@parcel%2fwatcher-android-arm64 cache-miss
147 http fetch GET 200 https://registry.npmjs.org/node-addon-api 263ms (cache miss)
148 silly packumentCache full:https://registry.npmjs.org/node-addon-api set size:undefined disposed:false
149 silly fetch manifest @parcel/watcher-linux-x64-musl@2.4.1
150 silly packumentCache full:https://registry.npmjs.org/@parcel%2fwatcher-linux-x64-musl cache-miss
151 http fetch GET 200 https://registry.npmjs.org/micromatch 270ms (cache miss)
152 silly packumentCache full:https://registry.npmjs.org/micromatch set size:undefined disposed:false
153 silly fetch manifest @parcel/watcher-linux-arm-glibc@2.4.1
154 silly packumentCache full:https://registry.npmjs.org/@parcel%2fwatcher-linux-arm-glibc cache-miss
155 http fetch GET 200 https://registry.npmjs.org/is-glob 283ms (cache miss)
156 silly packumentCache full:https://registry.npmjs.org/is-glob set size:undefined disposed:false
157 silly fetch manifest @parcel/watcher-linux-x64-glibc@2.4.1
158 silly packumentCache full:https://registry.npmjs.org/@parcel%2fwatcher-linux-x64-glibc cache-miss
159 http fetch GET 200 https://registry.npmjs.org/detect-libc 286ms (cache miss)
160 silly packumentCache full:https://registry.npmjs.org/detect-libc set size:undefined disposed:false
161 silly fetch manifest @parcel/watcher-linux-arm64-musl@2.4.1
162 silly packumentCache full:https://registry.npmjs.org/@parcel%2fwatcher-linux-arm64-musl cache-miss
163 http fetch GET 200 https://registry.npmjs.org/@parcel%2fwatcher-darwin-x64 1277ms (cache miss)
164 silly packumentCache full:https://registry.npmjs.org/@parcel%2fwatcher-darwin-x64 set size:undefined disposed:false
165 silly fetch manifest @parcel/watcher-linux-arm64-glibc@2.4.1
166 silly packumentCache full:https://registry.npmjs.org/@parcel%2fwatcher-linux-arm64-glibc cache-miss
167 http fetch GET 200 https://registry.npmjs.org/@parcel%2fwatcher-win32-ia32 1311ms (cache miss)
168 silly packumentCache full:https://registry.npmjs.org/@parcel%2fwatcher-win32-ia32 set size:undefined disposed:false
169 http fetch GET 200 https://registry.npmjs.org/@parcel%2fwatcher-linux-arm-glibc 1238ms (cache miss)
170 silly packumentCache full:https://registry.npmjs.org/@parcel%2fwatcher-linux-arm-glibc set size:undefined disposed:false
171 http fetch GET 200 https://registry.npmjs.org/@parcel%2fwatcher-win32-x64 1576ms (cache miss)
172 silly packumentCache full:https://registry.npmjs.org/@parcel%2fwatcher-win32-x64 set size:undefined disposed:false
173 http fetch GET 200 https://registry.npmjs.org/@parcel%2fwatcher-linux-arm64-musl 1325ms (cache miss)
174 silly packumentCache full:https://registry.npmjs.org/@parcel%2fwatcher-linux-arm64-musl set size:undefined disposed:false
175 http fetch GET 200 https://registry.npmjs.org/@parcel%2fwatcher-freebsd-x64 1645ms (cache miss)
176 silly packumentCache full:https://registry.npmjs.org/@parcel%2fwatcher-freebsd-x64 set size:undefined disposed:false
177 http fetch GET 200 https://registry.npmjs.org/@parcel%2fwatcher-linux-x64-glibc 1366ms (cache miss)
178 silly packumentCache full:https://registry.npmjs.org/@parcel%2fwatcher-linux-x64-glibc set size:undefined disposed:false
179 http fetch GET 200 https://registry.npmjs.org/@parcel%2fwatcher-darwin-arm64 1659ms (cache miss)
180 silly packumentCache full:https://registry.npmjs.org/@parcel%2fwatcher-darwin-arm64 set size:undefined disposed:false
181 http fetch GET 200 https://registry.npmjs.org/@parcel%2fwatcher-android-arm64 1867ms (cache miss)
182 silly packumentCache full:https://registry.npmjs.org/@parcel%2fwatcher-android-arm64 set size:undefined disposed:false
183 http fetch GET 200 https://registry.npmjs.org/@parcel%2fwatcher-win32-arm64 1978ms (cache miss)
184 silly packumentCache full:https://registry.npmjs.org/@parcel%2fwatcher-win32-arm64 set size:undefined disposed:false
